[2023-05-12 10:34:37] [INFO]    [OmnipathR] Welcome to OmnipathR!
[2023-05-12 10:34:37] [INFO]    [OmnipathR] Initialized cache: `C:\Users\ieo4973\AppData\Local\Cache\OmnipathR`.
[2023-05-12 10:36:59] [TRACE]   [OmnipathR] Loaded data from RDS `C:\Users\ieo4973\AppData\Local\Cache\OmnipathR/a936d047aec5e3fcc61b42b75f13587cc2b40099-1.rds`.
[2023-05-12 10:36:59] [INFO]    [OmnipathR] Loaded from cache: `https://omnipathdb.org/complexes?resources=CORUM&license=academic`
[2023-05-12 10:36:59] [SUCCESS] [OmnipathR] Loaded 2734 protein complexes from cache.
[2023-05-12 10:41:46] [TRACE]   [OmnipathR] Loaded data from RDS `C:\Users\ieo4973\AppData\Local\Cache\OmnipathR/a936d047aec5e3fcc61b42b75f13587cc2b40099-1.rds`.
[2023-05-12 10:41:46] [INFO]    [OmnipathR] Loaded from cache: `https://omnipathdb.org/complexes?resources=CORUM&license=academic`
[2023-05-12 10:41:46] [SUCCESS] [OmnipathR] Loaded 2734 protein complexes from cache.
[2023-05-12 10:54:47] [TRACE]   [OmnipathR] Loaded data from RDS `C:\Users\ieo4973\AppData\Local\Cache\OmnipathR/a936d047aec5e3fcc61b42b75f13587cc2b40099-1.rds`.
[2023-05-12 10:54:47] [INFO]    [OmnipathR] Loaded from cache: `https://omnipathdb.org/complexes?resources=CORUM&license=academic`
[2023-05-12 10:54:47] [SUCCESS] [OmnipathR] Loaded 2734 protein complexes from cache.
[2023-05-12 10:57:06] [TRACE]   [OmnipathR] Loaded data from RDS `C:\Users\ieo4973\AppData\Local\Cache\OmnipathR/a936d047aec5e3fcc61b42b75f13587cc2b40099-1.rds`.
[2023-05-12 10:57:06] [INFO]    [OmnipathR] Loaded from cache: `https://omnipathdb.org/complexes?resources=CORUM&license=academic`
[2023-05-12 10:57:06] [SUCCESS] [OmnipathR] Loaded 2734 protein complexes from cache.
[2023-05-12 11:09:44] [TRACE]   [OmnipathR] Loaded data from RDS `C:\Users\ieo4973\AppData\Local\Cache\OmnipathR/a936d047aec5e3fcc61b42b75f13587cc2b40099-1.rds`.
[2023-05-12 11:09:44] [INFO]    [OmnipathR] Loaded from cache: `https://omnipathdb.org/complexes?resources=CORUM&license=academic`
[2023-05-12 11:09:44] [SUCCESS] [OmnipathR] Loaded 2734 protein complexes from cache.
[2023-05-12 11:14:32] [TRACE]   [OmnipathR] Loaded data from RDS `C:\Users\ieo4973\AppData\Local\Cache\OmnipathR/a936d047aec5e3fcc61b42b75f13587cc2b40099-1.rds`.
[2023-05-12 11:14:32] [INFO]    [OmnipathR] Loaded from cache: `https://omnipathdb.org/complexes?resources=CORUM&license=academic`
[2023-05-12 11:14:32] [SUCCESS] [OmnipathR] Loaded 2734 protein complexes from cache.
[2023-05-12 11:19:07] [TRACE]   [OmnipathR] Loaded data from RDS `C:\Users\ieo4973\AppData\Local\Cache\OmnipathR/a936d047aec5e3fcc61b42b75f13587cc2b40099-1.rds`.
[2023-05-12 11:19:07] [INFO]    [OmnipathR] Loaded from cache: `https://omnipathdb.org/complexes?resources=CORUM&license=academic`
[2023-05-12 11:19:07] [SUCCESS] [OmnipathR] Loaded 2734 protein complexes from cache.
[2023-05-12 11:21:08] [TRACE]   [OmnipathR] Loaded data from RDS `C:\Users\ieo4973\AppData\Local\Cache\OmnipathR/a936d047aec5e3fcc61b42b75f13587cc2b40099-1.rds`.
[2023-05-12 11:21:08] [INFO]    [OmnipathR] Loaded from cache: `https://omnipathdb.org/complexes?resources=CORUM&license=academic`
[2023-05-12 11:21:08] [SUCCESS] [OmnipathR] Loaded 2734 protein complexes from cache.
[2023-05-12 11:21:17] [TRACE]   [OmnipathR] Loaded data from RDS `C:\Users\ieo4973\AppData\Local\Cache\OmnipathR/a936d047aec5e3fcc61b42b75f13587cc2b40099-1.rds`.
[2023-05-12 11:21:17] [INFO]    [OmnipathR] Loaded from cache: `https://omnipathdb.org/complexes?resources=CORUM&license=academic`
[2023-05-12 11:21:17] [SUCCESS] [OmnipathR] Loaded 2734 protein complexes from cache.
[2023-05-12 11:22:44] [TRACE]   [OmnipathR] Loaded data from RDS `C:\Users\ieo4973\AppData\Local\Cache\OmnipathR/a936d047aec5e3fcc61b42b75f13587cc2b40099-1.rds`.
[2023-05-12 11:22:44] [INFO]    [OmnipathR] Loaded from cache: `https://omnipathdb.org/complexes?resources=CORUM&license=academic`
[2023-05-12 11:22:44] [SUCCESS] [OmnipathR] Loaded 2734 protein complexes from cache.
[2023-05-12 11:50:48] [TRACE]   [OmnipathR] Loaded data from RDS `C:\Users\ieo4973\AppData\Local\Cache\OmnipathR/a936d047aec5e3fcc61b42b75f13587cc2b40099-1.rds`.
[2023-05-12 11:50:48] [INFO]    [OmnipathR] Loaded from cache: `https://omnipathdb.org/complexes?resources=CORUM&license=academic`
[2023-05-12 11:50:48] [SUCCESS] [OmnipathR] Loaded 2734 protein complexes from cache.
[2023-05-12 11:52:29] [TRACE]   [OmnipathR] Loaded data from RDS `C:\Users\ieo4973\AppData\Local\Cache\OmnipathR/a936d047aec5e3fcc61b42b75f13587cc2b40099-1.rds`.
[2023-05-12 11:52:29] [INFO]    [OmnipathR] Loaded from cache: `https://omnipathdb.org/complexes?resources=CORUM&license=academic`
[2023-05-12 11:52:29] [SUCCESS] [OmnipathR] Loaded 2734 protein complexes from cache.
[2023-05-12 12:00:16] [TRACE]   [OmnipathR] Loaded data from RDS `C:\Users\ieo4973\AppData\Local\Cache\OmnipathR/a936d047aec5e3fcc61b42b75f13587cc2b40099-1.rds`.
[2023-05-12 12:00:16] [INFO]    [OmnipathR] Loaded from cache: `https://omnipathdb.org/complexes?resources=CORUM&license=academic`
[2023-05-12 12:00:16] [SUCCESS] [OmnipathR] Loaded 2734 protein complexes from cache.
[2023-05-12 12:00:44] [TRACE]   [OmnipathR] Loaded data from RDS `C:\Users\ieo4973\AppData\Local\Cache\OmnipathR/a936d047aec5e3fcc61b42b75f13587cc2b40099-1.rds`.
[2023-05-12 12:00:44] [INFO]    [OmnipathR] Loaded from cache: `https://omnipathdb.org/complexes?resources=CORUM&license=academic`
[2023-05-12 12:00:44] [SUCCESS] [OmnipathR] Loaded 2734 protein complexes from cache.
[2023-05-12 12:00:55] [TRACE]   [OmnipathR] Loaded data from RDS `C:\Users\ieo4973\AppData\Local\Cache\OmnipathR/a936d047aec5e3fcc61b42b75f13587cc2b40099-1.rds`.
[2023-05-12 12:00:55] [INFO]    [OmnipathR] Loaded from cache: `https://omnipathdb.org/complexes?resources=CORUM&license=academic`
[2023-05-12 12:00:55] [SUCCESS] [OmnipathR] Loaded 2734 protein complexes from cache.
[2023-05-12 12:00:59] [TRACE]   [OmnipathR] Loaded data from RDS `C:\Users\ieo4973\AppData\Local\Cache\OmnipathR/a936d047aec5e3fcc61b42b75f13587cc2b40099-1.rds`.
[2023-05-12 12:00:59] [INFO]    [OmnipathR] Loaded from cache: `https://omnipathdb.org/complexes?resources=CORUM&license=academic`
[2023-05-12 12:00:59] [SUCCESS] [OmnipathR] Loaded 2734 protein complexes from cache.
[2023-05-12 13:22:12] [TRACE]   [OmnipathR] Loaded data from RDS `C:\Users\ieo4973\AppData\Local\Cache\OmnipathR/a936d047aec5e3fcc61b42b75f13587cc2b40099-1.rds`.
[2023-05-12 13:22:12] [INFO]    [OmnipathR] Loaded from cache: `https://omnipathdb.org/complexes?resources=CORUM&license=academic`
[2023-05-12 13:22:12] [SUCCESS] [OmnipathR] Loaded 2734 protein complexes from cache.
[2023-05-12 13:24:35] [TRACE]   [OmnipathR] Loaded data from RDS `C:\Users\ieo4973\AppData\Local\Cache\OmnipathR/a936d047aec5e3fcc61b42b75f13587cc2b40099-1.rds`.
[2023-05-12 13:24:35] [INFO]    [OmnipathR] Loaded from cache: `https://omnipathdb.org/complexes?resources=CORUM&license=academic`
[2023-05-12 13:24:35] [SUCCESS] [OmnipathR] Loaded 2734 protein complexes from cache.
[2023-05-12 13:24:44] [TRACE]   [OmnipathR] Loaded data from RDS `C:\Users\ieo4973\AppData\Local\Cache\OmnipathR/a936d047aec5e3fcc61b42b75f13587cc2b40099-1.rds`.
[2023-05-12 13:24:44] [INFO]    [OmnipathR] Loaded from cache: `https://omnipathdb.org/complexes?resources=CORUM&license=academic`
[2023-05-12 13:24:44] [SUCCESS] [OmnipathR] Loaded 2734 protein complexes from cache.
[2023-05-12 13:24:50] [TRACE]   [OmnipathR] Loaded data from RDS `C:\Users\ieo4973\AppData\Local\Cache\OmnipathR/a936d047aec5e3fcc61b42b75f13587cc2b40099-1.rds`.
[2023-05-12 13:24:50] [INFO]    [OmnipathR] Loaded from cache: `https://omnipathdb.org/complexes?resources=CORUM&license=academic`
[2023-05-12 13:24:50] [SUCCESS] [OmnipathR] Loaded 2734 protein complexes from cache.
[2023-05-12 13:36:44] [TRACE]   [OmnipathR] Loaded data from RDS `C:\Users\ieo4973\AppData\Local\Cache\OmnipathR/a936d047aec5e3fcc61b42b75f13587cc2b40099-1.rds`.
[2023-05-12 13:36:44] [INFO]    [OmnipathR] Loaded from cache: `https://omnipathdb.org/complexes?resources=CORUM&license=academic`
[2023-05-12 13:36:44] [SUCCESS] [OmnipathR] Loaded 2734 protein complexes from cache.
[2023-05-12 13:45:49] [TRACE]   [OmnipathR] Loaded data from RDS `C:\Users\ieo4973\AppData\Local\Cache\OmnipathR/a936d047aec5e3fcc61b42b75f13587cc2b40099-1.rds`.
[2023-05-12 13:45:49] [INFO]    [OmnipathR] Loaded from cache: `https://omnipathdb.org/complexes?resources=CORUM&license=academic`
[2023-05-12 13:45:49] [SUCCESS] [OmnipathR] Loaded 2734 protein complexes from cache.
[2023-05-12 13:49:19] [TRACE]   [OmnipathR] Loaded data from RDS `C:\Users\ieo4973\AppData\Local\Cache\OmnipathR/a936d047aec5e3fcc61b42b75f13587cc2b40099-1.rds`.
[2023-05-12 13:49:19] [INFO]    [OmnipathR] Loaded from cache: `https://omnipathdb.org/complexes?resources=CORUM&license=academic`
[2023-05-12 13:49:19] [SUCCESS] [OmnipathR] Loaded 2734 protein complexes from cache.
[2023-05-12 13:51:37] [TRACE]   [OmnipathR] Loaded data from RDS `C:\Users\ieo4973\AppData\Local\Cache\OmnipathR/a936d047aec5e3fcc61b42b75f13587cc2b40099-1.rds`.
[2023-05-12 13:51:37] [INFO]    [OmnipathR] Loaded from cache: `https://omnipathdb.org/complexes?resources=CORUM&license=academic`
[2023-05-12 13:51:37] [SUCCESS] [OmnipathR] Loaded 2734 protein complexes from cache.
[2023-05-12 14:14:01] [TRACE]   [OmnipathR] Loaded data from RDS `C:\Users\ieo4973\AppData\Local\Cache\OmnipathR/a936d047aec5e3fcc61b42b75f13587cc2b40099-1.rds`.
[2023-05-12 14:14:01] [INFO]    [OmnipathR] Loaded from cache: `https://omnipathdb.org/complexes?resources=CORUM&license=academic`
[2023-05-12 14:14:01] [SUCCESS] [OmnipathR] Loaded 2734 protein complexes from cache.
[2023-05-12 14:54:32] [TRACE]   [OmnipathR] Loaded data from RDS `C:\Users\ieo4973\AppData\Local\Cache\OmnipathR/a936d047aec5e3fcc61b42b75f13587cc2b40099-1.rds`.
[2023-05-12 14:54:32] [INFO]    [OmnipathR] Loaded from cache: `https://omnipathdb.org/complexes?resources=CORUM&license=academic`
[2023-05-12 14:54:32] [SUCCESS] [OmnipathR] Loaded 2734 protein complexes from cache.
[2023-05-12 15:50:54] [TRACE]   [OmnipathR] Loaded data from RDS `C:\Users\ieo4973\AppData\Local\Cache\OmnipathR/a936d047aec5e3fcc61b42b75f13587cc2b40099-1.rds`.
[2023-05-12 15:50:54] [INFO]    [OmnipathR] Loaded from cache: `https://omnipathdb.org/complexes?resources=CORUM&license=academic`
[2023-05-12 15:50:54] [SUCCESS] [OmnipathR] Loaded 2734 protein complexes from cache.
[2023-05-12 16:26:00] [TRACE]   [OmnipathR] Loaded data from RDS `C:\Users\ieo4973\AppData\Local\Cache\OmnipathR/a936d047aec5e3fcc61b42b75f13587cc2b40099-1.rds`.
[2023-05-12 16:26:00] [INFO]    [OmnipathR] Loaded from cache: `https://omnipathdb.org/complexes?resources=CORUM&license=academic`
[2023-05-12 16:26:00] [SUCCESS] [OmnipathR] Loaded 2734 protein complexes from cache.
[2023-05-12 17:07:51] [TRACE]   [OmnipathR] Loaded data from RDS `C:\Users\ieo4973\AppData\Local\Cache\OmnipathR/a936d047aec5e3fcc61b42b75f13587cc2b40099-1.rds`.
[2023-05-12 17:07:51] [INFO]    [OmnipathR] Loaded from cache: `https://omnipathdb.org/complexes?resources=CORUM&license=academic`
[2023-05-12 17:07:51] [SUCCESS] [OmnipathR] Loaded 2734 protein complexes from cache.
