[2023-08-24 15:19:48] [INFO]    [OmnipathR] Welcome to OmnipathR!
[2023-08-24 15:19:48] [TRACE]   [OmnipathR] Reading JSON from `C:\Users\ieo4973\AppData\Local\Cache\OmnipathR/cache.json` (encoding: UTF-8).
[2023-08-24 15:19:48] [TRACE]   [OmnipathR] JSON validation successful: TRUE
[2023-08-24 15:19:48] [INFO]    [OmnipathR] Initialized cache: `C:\Users\ieo4973\AppData\Local\Cache\OmnipathR`.
[2023-08-24 15:19:48] [TRACE]   [OmnipathR] Reading JSON from `C:/Users/ieo4973/AppData/Local/R/cache/R/renv/cache/v5/R-4.2/x86_64-w64-mingw32/OmnipathR/3.9.3/4ed09b3cb5eade8cf5bf57fb829c9d7c/OmnipathR/db/db_def.json` (encoding: UTF-8).
[2023-08-24 15:19:48] [TRACE]   [OmnipathR] JSON validation successful: TRUE
[2023-08-24 15:19:48] [TRACE]   [OmnipathR] Reading JSON from `C:/Users/ieo4973/AppData/Local/R/cache/R/renv/cache/v5/R-4.2/x86_64-w64-mingw32/OmnipathR/3.9.3/4ed09b3cb5eade8cf5bf57fb829c9d7c/OmnipathR/internal/magic_bytes.json` (encoding: UTF-8).
[2023-08-24 15:19:48] [TRACE]   [OmnipathR] JSON validation successful: TRUE
[2023-08-24 15:19:48] [TRACE]   [OmnipathR] Reading JSON from `C:/Users/ieo4973/AppData/Local/R/cache/R/renv/cache/v5/R-4.2/x86_64-w64-mingw32/OmnipathR/3.9.3/4ed09b3cb5eade8cf5bf57fb829c9d7c/OmnipathR/internal/urls.json` (encoding: UTF-8).
[2023-08-24 15:19:48] [TRACE]   [OmnipathR] JSON validation successful: TRUE
[2023-08-24 15:19:48] [TRACE]   [OmnipathR] Reading JSON from `C:/Users/ieo4973/AppData/Local/R/cache/R/renv/cache/v5/R-4.2/x86_64-w64-mingw32/OmnipathR/3.9.3/4ed09b3cb5eade8cf5bf57fb829c9d7c/OmnipathR/internal/id_types.json` (encoding: UTF-8).
[2023-08-24 15:19:48] [TRACE]   [OmnipathR] JSON validation successful: TRUE
[2023-08-24 15:35:30] [TRACE]   [OmnipathR] Reading JSON from `https://omnipathdb.org/resources` (encoding: UTF-8).
[2023-08-24 15:35:30] [TRACE]   [OmnipathR] JSON validation successful: TRUE
[2023-08-24 15:35:30] [TRACE]   [OmnipathR] Loaded data from RDS `C:\Users\ieo4973\AppData\Local\Cache\OmnipathR/a936d047aec5e3fcc61b42b75f13587cc2b40099-1.rds`.
[2023-08-24 15:35:30] [INFO]    [OmnipathR] Loaded from cache: `https://omnipathdb.org/complexes?resources=CORUM&license=academic`
[2023-08-24 15:35:30] [SUCCESS] [OmnipathR] Loaded 2734 protein complexes from cache.
[2023-08-24 17:14:36] [TRACE]   [OmnipathR] Reading JSON from `https://omnipathdb.org/resources` (encoding: UTF-8).
[2023-08-24 17:14:36] [TRACE]   [OmnipathR] JSON validation successful: TRUE
[2023-08-24 17:14:36] [TRACE]   [OmnipathR] Loaded data from RDS `C:\Users\ieo4973\AppData\Local\Cache\OmnipathR/a936d047aec5e3fcc61b42b75f13587cc2b40099-1.rds`.
[2023-08-24 17:14:36] [INFO]    [OmnipathR] Loaded from cache: `https://omnipathdb.org/complexes?resources=CORUM&license=academic`
[2023-08-24 17:14:36] [SUCCESS] [OmnipathR] Loaded 2734 protein complexes from cache.
